<?xml version="1.0" encoding="UTF-8"?>
<testng-results ignored="0" total="1" passed="1" failed="0" skipped="0">
  <reporter-output>
  </reporter-output>
  <suite started-at="2026-09-13T10:13:40 IST" name="Suite" finished-at="2026-09-13T10:13:40 IST" duration-ms="313">
    <groups>
      <group name="smoke">
        <method signature="DemoTest.addtest()[pri:0, instance:Demo.DemoTest@595b007d]" name="addtest" class="Demo.DemoTest"/>
      </group> <!-- smoke -->
    </groups>
    <test started-at="2026-09-13T10:13:40 IST" name="Test" finished-at="2026-09-13T10:13:40 IST" duration-ms="313">
      <class name="Demo.DemoTest">
        <test-method signature="addtest()[pri:0, instance:Demo.DemoTest@595b007d]" started-at="2026-09-13T10:13:40 IST" name="addtest" finished-at="2026-09-13T10:13:40 IST" duration-ms="47" status="PASS">
          <reporter-output>
          </reporter-output>
        </test-method> <!-- addtest -->
      </class> <!-- Demo.DemoTest -->
    </test> <!-- Test -->
  </suite> <!-- Suite -->
</testng-results>
